<?xml version="1.0" encoding="UTF-8" ?>
<testsuite errors="0" failures="0" hostname="super_pc" name="cn.antjunit.edu.HelloAntJunitTest" skipped="0" tests="1" time="0.0040" timestamp="2014-08-16T09:59:44">
  <properties>
    <property name="java.vendor" value="Sun Microsystems Inc." />
    <property name="lib.dir" value="E:\java_workspace\ant-junit\lib" />
    <property name="sun.java.launcher" value="SUN_STANDARD" />
    <property name="sun.management.compiler" value="HotSpot Client Compiler" />
    <property name="os.name" value="Windows 7" />
    <property name="sun.boot.class.path" value="C:\soft_ware\java\jdk\jdk1.6.0_45\jre\lib\resources.jar;C:\soft_ware\java\jdk\jdk1.6.0_45\jre\lib\rt.jar;C:\soft_ware\java\jdk\jdk1.6.0_45\jre\lib\sunrsasign.jar;C:\soft_ware\java\jdk\jdk1.6.0_45\jre\lib\jsse.jar;C:\soft_ware\java\jdk\jdk1.6.0_45\jre\lib\jce.jar;C:\soft_ware\java\jdk\jdk1.6.0_45\jre\lib\charsets.jar;C:\soft_ware\java\jdk\jdk1.6.0_45\jre\lib\modules\jdk.boot.jar;C:\soft_ware\java\jdk\jdk1.6.0_45\jre\classes" />
    <property name="sun.desktop" value="windows" />
    <property name="java.vm.specification.vendor" value="Sun Microsystems Inc." />
    <property name="ant.home" value="D:\java_tool\apache-ant-1.9.4" />
    <property name="java.runtime.version" value="1.6.0_45-b06" />
    <property name="user.name" value="canton_cowboy" />
    <property name="build.dir" value="E:\java_workspace\ant-junit\build" />
    <property name="user.language" value="zh" />
    <property name="sun.boot.library.path" value="C:\soft_ware\java\jdk\jdk1.6.0_45\jre\bin" />
    <property name="build.test.classes" value="E:\java_workspace\ant-junit\build\test\classes" />
    <property name="build.test.report" value="E:\java_workspace\ant-junit\build\test\reort" />
    <property name="ant.project.default-target" value="end" />
    <property name="java.version" value="1.6.0_45" />
    <property name="user.timezone" value="" />
    <property name="sun.arch.data.model" value="32" />
    <property name="java.endorsed.dirs" value="C:\soft_ware\java\jdk\jdk1.6.0_45\jre\lib\endorsed" />
    <property name="sun.cpu.isalist" value="pentium_pro+mmx pentium_pro pentium+mmx pentium i486 i386 i86" />
    <property name="sun.jnu.encoding" value="GBK" />
    <property name="file.encoding.pkg" value="sun.io" />
    <property name="build.src" value="E:\java_workspace\ant-junit\build\src" />
    <property name="file.separator" value="\" />
    <property name="java.specification.name" value="Java Platform API Specification" />
    <property name="java.class.version" value="50.0" />
    <property name="user.country" value="CN" />
    <property name="java.home" value="C:\soft_ware\java\jdk\jdk1.6.0_45\jre" />
    <property name="java.vm.info" value="mixed mode, sharing" />
    <property name="build.dist" value="E:\java_workspace\ant-junit\build\dist" />
    <property name="ant.file" value="E:\java_workspace\ant-junit\build.xml" />
    <property name="os.version" value="6.1" />
    <property name="path.separator" value=";" />
    <property name="java.vm.version" value="20.45-b01" />
    <property name="user.variant" value="" />
    <property name="ant.library.dir" value="D:\java_tool\apache-ant-1.9.4\lib" />
    <property name="java.awt.printerjob" value="sun.awt.windows.WPrinterJob" />
    <property name="sun.io.unicode.encoding" value="UnicodeLittle" />
    <property name="awt.toolkit" value="sun.awt.windows.WToolkit" />
    <property name="user.home" value="C:\Users\canton_cowboy" />
    <property name="java.specification.vendor" value="Sun Microsystems Inc." />
    <property name="test.dir" value="E:\java_workspace\ant-junit\test" />
    <property name="java.library.path" value="C:\soft_ware\java\jdk\jdk1.6.0_45\bin;C:\Windows\Sun\Java\bin;C:\Windows\system32;C:\Windows;D:\java_tool\apache-ant-1.9.4\bin;D:\database\mysql\mysql-5.6.13-winx64\bin;D:\java_tool\apache-maven-3.1.1-bin\apache-maven-3.1.1\bin;C:\soft_ware\java\jdk\jdk1.6.0_45\bin;C:\Program Files\Broadcom\Broadcom 802.11 Network Adapter\Driver;C:\Windows\system32;C:\Windows;C:\Windows\System32\Wbem;C:\Windows\System32\WindowsPowerShell\v1.0\;C:\Program Files\Intel\WiFi\bin\;C:\Program Files\Common Files\Intel\WirelessCommon\;C:\Program Files (x86)\Intel\OpenCL SDK\2.0\bin\x86;C:\Program Files (x86)\Intel\OpenCL SDK\2.0\bin\x64;C:\soft_ware\java\Subversion\bin;C:\soft_ware\java\TortoiseSVN\bin;;." />
    <property name="java.vendor.url" value="http://java.sun.com/" />
    <property name="java.vm.vendor" value="Sun Microsystems Inc." />
    <property name="java.runtime.name" value="Java(TM) SE Runtime Environment" />
    <property name="sun.java.command" value="org.apache.tools.ant.launch.Launcher -cp .;C:\soft_ware\java\jdk\jdk1.6.0_45\lib\tools.jar;" />
    <property name="java.class.path" value="D:\java_tool\apache-ant-1.9.4\lib\ant-launcher.jar;E:\java_workspace\ant-junit\.\;C:\soft_ware\java\jdk\jdk1.6.0_45\lib\tools.jar;D:\java_tool\apache-ant-1.9.4\lib\ant-antlr.jar;D:\java_tool\apache-ant-1.9.4\lib\ant-apache-bcel.jar;D:\java_tool\apache-ant-1.9.4\lib\ant-apache-bsf.jar;D:\java_tool\apache-ant-1.9.4\lib\ant-apache-log4j.jar;D:\java_tool\apache-ant-1.9.4\lib\ant-apache-oro.jar;D:\java_tool\apache-ant-1.9.4\lib\ant-apache-regexp.jar;D:\java_tool\apache-ant-1.9.4\lib\ant-apache-resolver.jar;D:\java_tool\apache-ant-1.9.4\lib\ant-apache-xalan2.jar;D:\java_tool\apache-ant-1.9.4\lib\ant-commons-logging.jar;D:\java_tool\apache-ant-1.9.4\lib\ant-commons-net.jar;D:\java_tool\apache-ant-1.9.4\lib\ant-jai.jar;D:\java_tool\apache-ant-1.9.4\lib\ant-javamail.jar;D:\java_tool\apache-ant-1.9.4\lib\ant-jdepend.jar;D:\java_tool\apache-ant-1.9.4\lib\ant-jmf.jar;D:\java_tool\apache-ant-1.9.4\lib\ant-jsch.jar;D:\java_tool\apache-ant-1.9.4\lib\ant-junit.jar;D:\java_tool\apache-ant-1.9.4\lib\ant-junit4.jar;D:\java_tool\apache-ant-1.9.4\lib\ant-launcher.jar;D:\java_tool\apache-ant-1.9.4\lib\ant-netrexx.jar;D:\java_tool\apache-ant-1.9.4\lib\ant-swing.jar;D:\java_tool\apache-ant-1.9.4\lib\ant-testutil.jar;D:\java_tool\apache-ant-1.9.4\lib\ant.jar;C:\soft_ware\java\jdk\jdk1.6.0_45\lib\tools.jar" />
    <property name="ant.version" value="Apache Ant(TM) version 1.9.4 compiled on April 29 2014" />
    <property name="java.vm.specification.name" value="Java Virtual Machine Specification" />
    <property name="ant.file.type" value="file" />
    <property name="java.vm.specification.version" value="1.0" />
    <property name="build.classes" value="E:\java_workspace\ant-junit\build\classes" />
    <property name="sun.cpu.endian" value="little" />
    <property name="sun.os.patch.level" value="Service Pack 1" />
    <property name="java.io.tmpdir" value="C:\Users\CANTON~1\AppData\Local\Temp\" />
    <property name="java.vendor.url.bug" value="http://java.sun.com/cgi-bin/bugreport.cgi" />
    <property name="os.arch" value="x86" />
    <property name="java.awt.graphicsenv" value="sun.awt.Win32GraphicsEnvironment" />
    <property name="java.ext.dirs" value="C:\soft_ware\java\jdk\jdk1.6.0_45\jre\lib\ext;C:\Windows\Sun\Java\lib\ext" />
    <property name="user.dir" value="E:\java_workspace\ant-junit" />
    <property name="line.separator" value="&#xd;&#xa;" />
    <property name="java.vm.name" value="Java HotSpot(TM) Client VM" />
    <property name="basedir" value="E:\java_workspace\ant-junit" />
    <property name="ant.java.version" value="1.6" />
    <property name="ant.core.lib" value="D:\java_tool\apache-ant-1.9.4\lib\ant.jar" />
    <property name="test.path" value="**/**Test.class" />
    <property name="file.encoding" value="GBK" />
    <property name="build.test" value="E:\java_workspace\ant-junit\build\test" />
    <property name="java.specification.version" value="1.6" />
    <property name="src.dir" value="E:\java_workspace\ant-junit\src" />
    <property name="ant.project.invoked-targets" value="end" />
  </properties>
  <testcase classname="cn.antjunit.edu.HelloAntJunitTest" name="testAdd" time="0.0" />
  <system-out><![CDATA[]]></system-out>
  <system-err><![CDATA[]]></system-err>
</testsuite>
